1604050447040	geckodriver	INFO	Listening on 127.0.0.1:4444
1604050447146	webdriver::server	DEBUG	-> GET /status 
1604050447146	webdriver::server	DEBUG	<- 200 OK {"value":{"message":"","ready":true}}
1604050447225	webdriver::server	DEBUG	-> POST /session {"capabilities":{"browserName":"firefox","javascriptEnabled":true,"acceptSslCerts":true,"chromeOptions":{"args":["headless","no-sandbox","disable-gpu","--no-sandbox"]},"name":"Browser Test"},"desiredCapabilities":{"browserName":"firefox","javascriptEnabled":true,"acceptSslCerts":true,"chromeOptions":{"args":["headless","no-sandbox","disable-gpu","--no-sandbox"]},"name":"Browser Test"}}
1604050447226	mozrunner::runner	INFO	Running command: "/bin/firefox" "--marionette" "-foreground" "-no-remote" "-profile" "/tmp/rust_mozprofileMiiguT"
1604050447227	geckodriver::marionette	DEBUG	Waiting 60s to connect to browser on 127.0.0.1:43968
1604050447571	addons.webextension.screenshots@mozilla.org	WARN	Loading extension 'screenshots@mozilla.org': Reading manifest: Invalid extension permission: mozillaAddons
1604050447571	addons.webextension.screenshots@mozilla.org	WARN	Loading extension 'screenshots@mozilla.org': Reading manifest: Invalid extension permission: telemetry
1604050447571	addons.webextension.screenshots@mozilla.org	WARN	Loading extension 'screenshots@mozilla.org': Reading manifest: Invalid extension permission: resource://pdf.js/
1604050447571	addons.webextension.screenshots@mozilla.org	WARN	Loading extension 'screenshots@mozilla.org': Reading manifest: Invalid extension permission: about:reader*
1604050447656	Marionette	DEBUG	Init aborted (running=false, enabled=true, finalUIStartup=false)
JavaScript error: undefined, line 14: Error: An unexpected error occurred
JavaScript error: moz-extension://57a1f265-64ac-45c8-9a4c-8cba936be5f8/lib/picture_in_picture_overrides.js, line 15: Error: Incorrect argument types for pictureInPictureParent.setOverrides.
JavaScript error: resource:///modules/sessionstore/SessionStore.jsm, line 1325: uncaught exception: 2147746065
1604050448924	Marionette	DEBUG	Setting recommended pref apz.content_response_timeout to 60000
1604050448924	Marionette	DEBUG	Setting recommended pref browser.contentblocking.introCount to 99
1604050448924	Marionette	DEBUG	Setting recommended pref browser.download.panel.shown to true
1604050448924	Marionette	DEBUG	Setting recommended pref browser.newtabpage.enabled to false
1604050448925	Marionette	DEBUG	Setting recommended pref browser.pagethumbnails.capturing_disabled to true
1604050448925	Marionette	DEBUG	Setting recommended pref browser.search.update to false
1604050448925	Marionette	DEBUG	Setting recommended pref browser.tabs.disableBackgroundZombification to false
1604050448925	Marionette	DEBUG	Setting recommended pref browser.tabs.remote.separatePrivilegedContentProcess to false
1604050448925	Marionette	DEBUG	Setting recommended pref browser.tabs.unloadOnLowMemory to false
1604050448925	Marionette	DEBUG	Setting recommended pref browser.tabs.warnOnCloseOtherTabs to false
1604050448925	Marionette	DEBUG	Setting recommended pref browser.tabs.warnOnOpen to false
1604050448925	Marionette	DEBUG	Setting recommended pref browser.usedOnWindows10.introURL to 
1604050448925	Marionette	DEBUG	Setting recommended pref browser.urlbar.suggest.searches to false
1604050448926	Marionette	DEBUG	Setting recommended pref datareporting.policy.dataSubmissionPolicyAccepted to false
1604050448926	Marionette	DEBUG	Setting recommended pref dom.disable_beforeunload to true
1604050448926	Marionette	DEBUG	Setting recommended pref dom.disable_open_during_load to false
1604050448926	Marionette	DEBUG	Setting recommended pref dom.file.createInChild to true
1604050448926	Marionette	DEBUG	Setting recommended pref dom.max_chrome_script_run_time to 0
1604050448926	Marionette	DEBUG	Setting recommended pref dom.max_script_run_time to 0
1604050448926	Marionette	DEBUG	Setting recommended pref extensions.getAddons.cache.enabled to false
1604050448926	Marionette	DEBUG	Setting recommended pref extensions.webservice.discoverURL to http://%(server)s/dummy/discoveryURL
1604050448926	Marionette	DEBUG	Setting recommended pref network.http.prompt-temp-redirect to false
1604050448926	Marionette	DEBUG	Setting recommended pref network.http.speculative-parallel-limit to 0
1604050448926	Marionette	DEBUG	Setting recommended pref security.fileuri.strict_origin_policy to false
1604050448926	Marionette	DEBUG	Setting recommended pref security.notification_enable_delay to 0
1604050448927	Marionette	DEBUG	Setting recommended pref signon.autofillForms to false
1604050448927	Marionette	DEBUG	Setting recommended pref signon.rememberSignons to false
1604050448927	Marionette	DEBUG	Setting recommended pref toolkit.cosmeticAnimations.enabled to false
1604050448955	Marionette	INFO	Listening on port 43968
1604050448955	Marionette	DEBUG	Remote service is active
1604050449033	Marionette	DEBUG	Accepted connection 0 from 127.0.0.1:41716
1604050449033	geckodriver::marionette	DEBUG	Connection to Marionette established on 127.0.0.1:43968.
1604050449034	Marionette	DEBUG	0 -> [0,1,"WebDriver:NewSession",{}]
1604050449059	Marionette	DEBUG	0 <- [1,1,null,{"sessionId":"5cd6f942-e494-4092-af57-5e5123676b05","capabilities":{"browserName":"firefox","browserVersion":"68.12 ... /rust_mozprofileMiiguT","moz:shutdownTimeout":60000,"moz:useNonSpecCompliantPointerOrigin":false,"moz:webdriverClick":true}}]
1604050449060	webdriver::server	DEBUG	<- 200 OK {"value":{"sessionId":"5cd6f942-e494-4092-af57-5e5123676b05","capabilities":{"acceptInsecureCerts":false,"browserName":"firefox","browserVersion":"68.12.0","moz:accessibilityChecks":false,"moz:buildID":"20200826145745","moz:geckodriverVersion":"0.27.0","moz:headless":false,"moz:processID":20295,"moz:profile":"/tmp/rust_mozprofileMiiguT","moz:shutdownTimeout":60000,"moz:useNonSpecCompliantPointerOrigin":false,"moz:webdriverClick":true,"pageLoadStrategy":"normal","platformName":"linux","platformVersion":"3.10.0-1127.19.1.el7.x86_64","rotatable":false,"setWindowRect":true,"strictFileInteractability":false,"timeouts":{"implicit":0,"pageLoad":300000,"script":30000},"unhandledPromptBehavior":"dismiss and notify"}}}
1604050449067	webdriver::server	DEBUG	-> POST /session/5cd6f942-e494-4092-af57-5e5123676b05/url {"url":"http://localhost:8080/#/dashboard"}
1604050449067	Marionette	DEBUG	0 -> [0,2,"WebDriver:Navigate",{"url":"http://localhost:8080/#/dashboard"}]
1604050449911	Marionette	DEBUG	0 <- [1,2,null,{"value":null}]
1604050449911	webdriver::server	DEBUG	<- 200 OK {"value":null}
1604050449915	webdriver::server	DEBUG	-> POST /session/5cd6f942-e494-4092-af57-5e5123676b05/elements {"using":"css selector","value":".navbar-brand"}
1604050449915	Marionette	DEBUG	0 -> [0,3,"WebDriver:FindElements",{"using":"css selector","value":".navbar-brand"}]
1604050449938	Marionette	DEBUG	0 <- [1,3,null,[{"element-6066-11e4-a52e-4f735466cecf":"b49b34c6-ef18-4a5f-9ba3-bb2a52e5cefd"}]]
1604050449938	webdriver::server	DEBUG	<- 200 OK {"value":[{"element-6066-11e4-a52e-4f735466cecf":"b49b34c6-ef18-4a5f-9ba3-bb2a52e5cefd"}]}
1604050449940	webdriver::server	DEBUG	-> GET /session/5cd6f942-e494-4092-af57-5e5123676b05/element/b49b34c6-ef18-4a5f-9ba3-bb2a52e5cefd/displayed 
1604050449941	Marionette	DEBUG	0 -> [0,4,"WebDriver:IsElementDisplayed",{"id":"b49b34c6-ef18-4a5f-9ba3-bb2a52e5cefd"}]
1604050449964	Marionette	DEBUG	0 <- [1,4,null,{"value":true}]
1604050449964	webdriver::server	DEBUG	<- 200 OK {"value":true}
1604050449967	webdriver::server	DEBUG	-> POST /session/5cd6f942-e494-4092-af57-5e5123676b05/elements {"using":"css selector","value":".sidebar"}
1604050449969	Marionette	DEBUG	0 -> [0,5,"WebDriver:FindElements",{"using":"css selector","value":".sidebar"}]
1604050449973	Marionette	DEBUG	0 <- [1,5,null,[{"element-6066-11e4-a52e-4f735466cecf":"a595fb5b-2170-49c6-a0ab-62ec14b47d82"}]]
1604050449974	webdriver::server	DEBUG	<- 200 OK {"value":[{"element-6066-11e4-a52e-4f735466cecf":"a595fb5b-2170-49c6-a0ab-62ec14b47d82"}]}
1604050449977	webdriver::server	DEBUG	-> GET /session/5cd6f942-e494-4092-af57-5e5123676b05/element/a595fb5b-2170-49c6-a0ab-62ec14b47d82/displayed 
1604050449984	Marionette	DEBUG	0 -> [0,6,"WebDriver:IsElementDisplayed",{"id":"a595fb5b-2170-49c6-a0ab-62ec14b47d82"}]
1604050450007	Marionette	DEBUG	0 <- [1,6,null,{"value":true}]
1604050450008	webdriver::server	DEBUG	<- 200 OK {"value":true}
1604050450009	webdriver::server	DEBUG	-> POST /session/5cd6f942-e494-4092-af57-5e5123676b05/elements {"using":"css selector","value":".now-ui-icons design_bullet-list-67"}
1604050450009	Marionette	DEBUG	0 -> [0,7,"WebDriver:FindElements",{"using":"css selector","value":".now-ui-icons design_bullet-list-67"}]
1604050450022	Marionette	DEBUG	0 <- [1,7,null,[]]
1604050450022	webdriver::server	DEBUG	<- 200 OK {"value":[]}
1604050450523	webdriver::server	DEBUG	-> POST /session/5cd6f942-e494-4092-af57-5e5123676b05/elements {"using":"css selector","value":".now-ui-icons design_bullet-list-67"}
1604050450523	Marionette	DEBUG	0 -> [0,8,"WebDriver:FindElements",{"using":"css selector","value":".now-ui-icons design_bullet-list-67"}]
1604050450525	Marionette	DEBUG	0 <- [1,8,null,[]]
1604050450525	webdriver::server	DEBUG	<- 200 OK {"value":[]}
1604050451027	webdriver::server	DEBUG	-> POST /session/5cd6f942-e494-4092-af57-5e5123676b05/elements {"using":"css selector","value":".now-ui-icons design_bullet-list-67"}
1604050451027	Marionette	DEBUG	0 -> [0,9,"WebDriver:FindElements",{"using":"css selector","value":".now-ui-icons design_bullet-list-67"}]
1604050451029	Marionette	DEBUG	0 <- [1,9,null,[]]
1604050451029	webdriver::server	DEBUG	<- 200 OK {"value":[]}
1604050451531	webdriver::server	DEBUG	-> POST /session/5cd6f942-e494-4092-af57-5e5123676b05/elements {"using":"css selector","value":".now-ui-icons design_bullet-list-67"}
1604050451531	Marionette	DEBUG	0 -> [0,10,"WebDriver:FindElements",{"using":"css selector","value":".now-ui-icons design_bullet-list-67"}]
1604050451532	Marionette	DEBUG	0 <- [1,10,null,[]]
1604050451533	webdriver::server	DEBUG	<- 200 OK {"value":[]}
1604050452034	webdriver::server	DEBUG	-> POST /session/5cd6f942-e494-4092-af57-5e5123676b05/elements {"using":"css selector","value":".now-ui-icons design_bullet-list-67"}
1604050452035	Marionette	DEBUG	0 -> [0,11,"WebDriver:FindElements",{"using":"css selector","value":".now-ui-icons design_bullet-list-67"}]
1604050452036	Marionette	DEBUG	0 <- [1,11,null,[]]
1604050452037	webdriver::server	DEBUG	<- 200 OK {"value":[]}
1604050452538	webdriver::server	DEBUG	-> POST /session/5cd6f942-e494-4092-af57-5e5123676b05/elements {"using":"css selector","value":".now-ui-icons design_bullet-list-67"}
1604050452539	Marionette	DEBUG	0 -> [0,12,"WebDriver:FindElements",{"using":"css selector","value":".now-ui-icons design_bullet-list-67"}]
1604050452541	Marionette	DEBUG	0 <- [1,12,null,[]]
1604050452541	webdriver::server	DEBUG	<- 200 OK {"value":[]}
1604050453043	webdriver::server	DEBUG	-> POST /session/5cd6f942-e494-4092-af57-5e5123676b05/elements {"using":"css selector","value":".now-ui-icons design_bullet-list-67"}
1604050453043	Marionette	DEBUG	0 -> [0,13,"WebDriver:FindElements",{"using":"css selector","value":".now-ui-icons design_bullet-list-67"}]
1604050453044	Marionette	DEBUG	0 <- [1,13,null,[]]
1604050453045	webdriver::server	DEBUG	<- 200 OK {"value":[]}
1604050453546	webdriver::server	DEBUG	-> POST /session/5cd6f942-e494-4092-af57-5e5123676b05/elements {"using":"css selector","value":".now-ui-icons design_bullet-list-67"}
1604050453547	Marionette	DEBUG	0 -> [0,14,"WebDriver:FindElements",{"using":"css selector","value":".now-ui-icons design_bullet-list-67"}]
1604050453548	Marionette	DEBUG	0 <- [1,14,null,[]]
1604050453548	webdriver::server	DEBUG	<- 200 OK {"value":[]}
1604050454050	webdriver::server	DEBUG	-> POST /session/5cd6f942-e494-4092-af57-5e5123676b05/elements {"using":"css selector","value":".now-ui-icons design_bullet-list-67"}
1604050454050	Marionette	DEBUG	0 -> [0,15,"WebDriver:FindElements",{"using":"css selector","value":".now-ui-icons design_bullet-list-67"}]
1604050454052	Marionette	DEBUG	0 <- [1,15,null,[]]
1604050454052	webdriver::server	DEBUG	<- 200 OK {"value":[]}
1604050454554	webdriver::server	DEBUG	-> POST /session/5cd6f942-e494-4092-af57-5e5123676b05/elements {"using":"css selector","value":".now-ui-icons design_bullet-list-67"}
1604050454554	Marionette	DEBUG	0 -> [0,16,"WebDriver:FindElements",{"using":"css selector","value":".now-ui-icons design_bullet-list-67"}]
1604050454555	Marionette	DEBUG	0 <- [1,16,null,[]]
1604050454555	webdriver::server	DEBUG	<- 200 OK {"value":[]}
1604050455059	webdriver::server	DEBUG	-> POST /session/5cd6f942-e494-4092-af57-5e5123676b05/elements {"using":"css selector","value":".now-ui-icons design_bullet-list-67"}
1604050455059	Marionette	DEBUG	0 -> [0,17,"WebDriver:FindElements",{"using":"css selector","value":".now-ui-icons design_bullet-list-67"}]
1604050455060	Marionette	DEBUG	0 <- [1,17,null,[]]
1604050455060	webdriver::server	DEBUG	<- 200 OK {"value":[]}
1604050455066	webdriver::server	DEBUG	-> DELETE /session/5cd6f942-e494-4092-af57-5e5123676b05 
1604050455066	Marionette	DEBUG	0 -> [0,18,"Marionette:Quit",{"flags":["eForceQuit"]}]
1604050455066	Marionette	INFO	Stopped listening on port 43968
1604050455094	Marionette	DEBUG	0 <- [1,18,null,{"cause":"shutdown"}]
1604050455110	webdriver::server	DEBUG	Deleting session
1604050455111	Marionette	DEBUG	0 -> [0,19,"Marionette:Quit",{"flags":["eForceQuit"]}]
1604050455112	Marionette	DEBUG	0 <- [1,19,{"error":"invalid session id","message":"Tried to run command without establishing a connection","stacktrace":"WebDrive ... t@chrome://marionette/content/server.js:249:9\n_onJSONObjectReady/<@chrome://marionette/content/transport.js:503:20\n"},null]
1604050455123	Marionette	DEBUG	Closed connection 0
1604050456973	Marionette	DEBUG	Resetting recommended pref apz.content_response_timeout
1604050456973	Marionette	DEBUG	Resetting recommended pref browser.contentblocking.introCount
1604050456973	Marionette	DEBUG	Resetting recommended pref browser.download.panel.shown
1604050456973	Marionette	DEBUG	Resetting recommended pref browser.newtabpage.enabled
1604050456974	Marionette	DEBUG	Resetting recommended pref browser.pagethumbnails.capturing_disabled
1604050456974	Marionette	DEBUG	Resetting recommended pref browser.search.update
1604050456974	Marionette	DEBUG	Resetting recommended pref browser.tabs.disableBackgroundZombification
1604050456974	Marionette	DEBUG	Resetting recommended pref browser.tabs.remote.separatePrivilegedContentProcess
1604050456974	Marionette	DEBUG	Resetting recommended pref browser.tabs.unloadOnLowMemory
1604050456974	Marionette	DEBUG	Resetting recommended pref browser.tabs.warnOnCloseOtherTabs
1604050456974	Marionette	DEBUG	Resetting recommended pref browser.tabs.warnOnOpen
1604050456974	Marionette	DEBUG	Resetting recommended pref browser.usedOnWindows10.introURL
1604050456974	Marionette	DEBUG	Resetting recommended pref browser.urlbar.suggest.searches
1604050456974	Marionette	DEBUG	Resetting recommended pref datareporting.policy.dataSubmissionPolicyAccepted
1604050456974	Marionette	DEBUG	Resetting recommended pref dom.disable_beforeunload
1604050456974	Marionette	DEBUG	Resetting recommended pref dom.disable_open_during_load
1604050456974	Marionette	DEBUG	Resetting recommended pref dom.file.createInChild
1604050456974	Marionette	DEBUG	Resetting recommended pref dom.max_chrome_script_run_time
1604050456974	Marionette	DEBUG	Resetting recommended pref dom.max_script_run_time
1604050456975	Marionette	DEBUG	Resetting recommended pref extensions.getAddons.cache.enabled
1604050456975	Marionette	DEBUG	Resetting recommended pref extensions.webservice.discoverURL
1604050456975	Marionette	DEBUG	Resetting recommended pref network.http.prompt-temp-redirect
1604050456975	Marionette	DEBUG	Resetting recommended pref network.http.speculative-parallel-limit
1604050456975	Marionette	DEBUG	Resetting recommended pref security.fileuri.strict_origin_policy
1604050456975	Marionette	DEBUG	Resetting recommended pref security.notification_enable_delay
1604050456975	Marionette	DEBUG	Resetting recommended pref signon.autofillForms
1604050456975	Marionette	DEBUG	Resetting recommended pref signon.rememberSignons
1604050456975	Marionette	DEBUG	Resetting recommended pref toolkit.cosmeticAnimations.enabled
1604050456975	Marionette	DEBUG	Remote service is inactive
1604050457314	geckodriver::marionette	DEBUG	Browser process stopped: exit code: 0
1604050457331	webdriver::server	DEBUG	<- 200 OK {"value":null}
